Mon Feb 24 12:18:14 UTC 2025 - Activity Log Update 1
Mon Feb 24 12:18:14 UTC 2025 - Activity Log Update 2
Mon Feb 24 12:18:14 UTC 2025 - Activity Log Update 3
Thu Mar  6 12:18:24 UTC 2025 - Activity Log Update 1
Thu Mar  6 12:18:24 UTC 2025 - Activity Log Update 2
Thu Mar  6 12:18:24 UTC 2025 - Activity Log Update 3
Thu Mar  6 12:18:25 UTC 2025 - Activity Log Update 4
Fri Mar  7 12:17:29 UTC 2025 - Activity Log Update 1
Sat Mar  8 12:12:44 UTC 2025 - Activity Log Update 1
Sat Mar  8 12:12:44 UTC 2025 - Activity Log Update 2
Sat Mar  8 12:12:44 UTC 2025 - Activity Log Update 3
Sun Mar  9 12:13:01 UTC 2025 - Activity Log Update 1
Sun Mar  9 12:13:01 UTC 2025 - Activity Log Update 2
Thu Mar 13 12:18:56 UTC 2025 - Activity Log Update 1
Thu Mar 13 12:18:56 UTC 2025 - Activity Log Update 2
Thu Mar 13 12:18:56 UTC 2025 - Activity Log Update 3
Thu Mar 13 12:18:56 UTC 2025 - Activity Log Update 4
Wed Apr  2 12:19:23 UTC 2025 - Activity Log Update 1
Wed Apr  2 12:19:23 UTC 2025 - Activity Log Update 2
Wed Apr  2 12:19:23 UTC 2025 - Activity Log Update 3
Sat Apr 26 12:16:47 UTC 2025 - Activity Log Update 1
Sat Apr 26 12:16:47 UTC 2025 - Activity Log Update 2
Sat Apr 26 12:16:47 UTC 2025 - Activity Log Update 3
Mon Apr 28 12:19:33 UTC 2025 - Activity Log Update 1
Mon Apr 28 12:19:33 UTC 2025 - Activity Log Update 2
Tue Apr 29 12:20:32 UTC 2025 - Activity Log Update 1
Tue Apr 29 12:20:32 UTC 2025 - Activity Log Update 2
Wed Apr 30 12:19:09 UTC 2025 - Activity Log Update 1
Wed Apr 30 12:19:09 UTC 2025 - Activity Log Update 2
